d:\p4\personal\sd\modelviewer\temporary\model viewer_x64_debug\vc143.pdb
d:\p4\personal\sd\modelviewer\temporary\model viewer_x64_debug\vc143.idb
d:\p4\personal\sd\modelviewer\temporary\model viewer_x64_debug\prop.obj
d:\p4\personal\sd\modelviewer\temporary\model viewer_x64_debug\player.obj
d:\p4\personal\sd\modelviewer\temporary\model viewer_x64_debug\model.obj
d:\p4\personal\sd\modelviewer\temporary\model viewer_x64_debug\main_windows.obj
d:\p4\personal\sd\modelviewer\temporary\model viewer_x64_debug\gamecommon.obj
d:\p4\personal\sd\modelviewer\temporary\model viewer_x64_debug\game.obj
d:\p4\personal\sd\modelviewer\temporary\model viewer_x64_debug\entity.obj
d:\p4\personal\sd\modelviewer\temporary\model viewer_x64_debug\app.obj
d:\p4\personal\sd\modelviewer\temporary\model viewer_x64_debug\model viewer_debug_x64.exe
d:\p4\personal\sd\modelviewer\temporary\model viewer_x64_debug\model viewer_debug_x64.pdb
d:\p4\personal\sd\modelviewer\temporary\model viewer_x64_debug\model viewer_debug_x64.ilk
d:\p4\personal\sd\modelviewer\temporary\model viewer_x64_debug\game.vcxproj.filelistabsolute.txt
d:\p4\personal\sd\modelviewer\temporary\model viewer_x64_debug\model viewer.tlog\cl.command.1.tlog
d:\p4\personal\sd\modelviewer\temporary\model viewer_x64_debug\model viewer.tlog\cl.items.tlog
d:\p4\personal\sd\modelviewer\temporary\model viewer_x64_debug\model viewer.tlog\cl.read.1.tlog
d:\p4\personal\sd\modelviewer\temporary\model viewer_x64_debug\model viewer.tlog\cl.write.1.tlog
d:\p4\personal\sd\modelviewer\temporary\model viewer_x64_debug\model viewer.tlog\link.command.1.tlog
d:\p4\personal\sd\modelviewer\temporary\model viewer_x64_debug\model viewer.tlog\link.read.1.tlog
d:\p4\personal\sd\modelviewer\temporary\model viewer_x64_debug\model viewer.tlog\link.secondary.1.tlog
d:\p4\personal\sd\modelviewer\temporary\model viewer_x64_debug\model viewer.tlog\link.write.1.tlog
